<?xml version="1.0" encoding="UTF-8"?>
<!-- Generated by org.testng.reporters.JUnitXMLReporter -->
<testsuite ignored="0" hostname="WPO1L5CD151H3MH" failures="0" tests="3" name="Test Automation" time="18.469" errors="0" timestamp="2022-12-27T17:47:12 IST">
  <testcase classname="test.TestRunnerClass" name="demoTest1" time="0.004"/>
  <testcase classname="test.TestRunnerClass" name="demoTest2" time="0.001"/>
  <testcase classname="test.TestRunnerClass" name="loginIntoOrangeHRM" time="2.236"/>
</testsuite> <!-- Test Automation -->
