<?xml version="1.0" encoding="UTF-8"?>
<!-- Generated by org.testng.reporters.JUnitXMLReporter -->
<testsuite ignored="0" hostname="WPO1L5CD151H3MH" failures="0" tests="3" name="Test Automation" time="23.417" errors="0" timestamp="2022-12-26T21:52:50 IST">
  <testcase classname="test.TestRunnerClass" name="demoTest1" time="0.003"/>
  <testcase classname="test.TestRunnerClass" name="demoTest2" time="0.005"/>
  <testcase classname="test.TestRunnerClass" name="loginIntoOrangeHRM" time="2.303"/>
</testsuite> <!-- Test Automation -->
