<?xml version="1.0" encoding="UTF-8"?>
<testng-results ignored="0" total="3" passed="3" failed="0" skipped="0">
  <reporter-output>
  </reporter-output>
  <suite started-at="2022-12-26T21:52:26 IST" name="Sample TestNG Suite" finished-at="2022-12-26T21:52:50 IST" duration-ms="23417">
    <groups>
    </groups>
    <test started-at="2022-12-26T21:52:26 IST" name="Test Automation" finished-at="2022-12-26T21:52:50 IST" duration-ms="23417">
      <class name="test.TestRunnerClass">
        <test-method is-config="true" signature="beforeTestMethod()[pri:0, instance:test.TestRunnerClass@e350b40]" started-at="2022-12-26T21:52:26 IST" name="beforeTestMethod" finished-at="2022-12-26T21:52:27 IST" duration-ms="605" status="PASS">
          <reporter-output>
          </reporter-output>
        </test-method> <!-- beforeTestMethod -->
        <test-method is-config="true" signature="beforeMethodMethod(java.lang.String,java.lang.reflect.Method)[pri:0, instance:test.TestRunnerClass@e350b40]" started-at="2022-12-26T21:52:27 IST" name="beforeMethodMethod" finished-at="2022-12-26T21:52:38 IST" duration-ms="10775" status="PASS">
          <params>
            <param index="0">
              <value>
                <![CDATA[chrome]]>
              </value>
            </param>
            <param index="1">
              <value>
                <![CDATA[public void test.TestRunnerClass.demoTest1()]]>
              </value>
            </param>
          </params>
          <reporter-output>
          </reporter-output>
        </test-method> <!-- beforeMethodMethod -->
        <test-method signature="demoTest1()[pri:0, instance:test.TestRunnerClass@e350b40]" started-at="2022-12-26T21:52:38 IST" name="demoTest1" finished-at="2022-12-26T21:52:38 IST" duration-ms="3" status="PASS">
          <reporter-output>
          </reporter-output>
        </test-method> <!-- demoTest1 -->
        <test-method is-config="true" signature="AfterMethodMethod(org.testng.ITestResult)[pri:0, instance:test.TestRunnerClass@e350b40]" started-at="2022-12-26T21:52:38 IST" name="AfterMethodMethod" finished-at="2022-12-26T21:52:38 IST" duration-ms="189" status="PASS">
          <params>
            <param index="0">
              <value>
                <![CDATA[[TestResult name=demoTest1 status=SUCCESS method=TestRunnerClass.demoTest1()[pri:0, instance:test.TestRunnerClass@e350b40] output={null}]]]>
              </value>
            </param>
          </params>
          <reporter-output>
          </reporter-output>
        </test-method> <!-- AfterMethodMethod -->
        <test-method is-config="true" signature="beforeMethodMethod(java.lang.String,java.lang.reflect.Method)[pri:0, instance:test.TestRunnerClass@e350b40]" started-at="2022-12-26T21:52:38 IST" name="beforeMethodMethod" finished-at="2022-12-26T21:52:42 IST" duration-ms="4484" status="PASS">
          <params>
            <param index="0">
              <value>
                <![CDATA[chrome]]>
              </value>
            </param>
            <param index="1">
              <value>
                <![CDATA[public void test.TestRunnerClass.demoTest2()]]>
              </value>
            </param>
          </params>
          <reporter-output>
          </reporter-output>
        </test-method> <!-- beforeMethodMethod -->
        <test-method signature="demoTest2()[pri:0, instance:test.TestRunnerClass@e350b40]" started-at="2022-12-26T21:52:42 IST" name="demoTest2" finished-at="2022-12-26T21:52:42 IST" duration-ms="5" status="PASS">
          <reporter-output>
          </reporter-output>
        </test-method> <!-- demoTest2 -->
        <test-method is-config="true" signature="AfterMethodMethod(org.testng.ITestResult)[pri:0, instance:test.TestRunnerClass@e350b40]" started-at="2022-12-26T21:52:42 IST" name="AfterMethodMethod" finished-at="2022-12-26T21:52:42 IST" duration-ms="197" status="PASS">
          <params>
            <param index="0">
              <value>
                <![CDATA[[TestResult name=demoTest2 status=SUCCESS method=TestRunnerClass.demoTest2()[pri:0, instance:test.TestRunnerClass@e350b40] output={null}]]]>
              </value>
            </param>
          </params>
          <reporter-output>
          </reporter-output>
        </test-method> <!-- AfterMethodMethod -->
        <test-method is-config="true" signature="beforeMethodMethod(java.lang.String,java.lang.reflect.Method)[pri:0, instance:test.TestRunnerClass@e350b40]" started-at="2022-12-26T21:52:42 IST" name="beforeMethodMethod" finished-at="2022-12-26T21:52:47 IST" duration-ms="4346" status="PASS">
          <params>
            <param index="0">
              <value>
                <![CDATA[chrome]]>
              </value>
            </param>
            <param index="1">
              <value>
                <![CDATA[public void test.TestRunnerClass.loginIntoOrangeHRM()]]>
              </value>
            </param>
          </params>
          <reporter-output>
          </reporter-output>
        </test-method> <!-- beforeMethodMethod -->
        <test-method signature="loginIntoOrangeHRM()[pri:0, instance:test.TestRunnerClass@e350b40]" started-at="2022-12-26T21:52:47 IST" name="loginIntoOrangeHRM" finished-at="2022-12-26T21:52:49 IST" duration-ms="2303" status="PASS">
          <reporter-output>
          </reporter-output>
        </test-method> <!-- loginIntoOrangeHRM -->
        <test-method is-config="true" signature="AfterMethodMethod(org.testng.ITestResult)[pri:0, instance:test.TestRunnerClass@e350b40]" started-at="2022-12-26T21:52:49 IST" name="AfterMethodMethod" finished-at="2022-12-26T21:52:49 IST" duration-ms="194" status="PASS">
          <params>
            <param index="0">
              <value>
                <![CDATA[[TestResult name=loginIntoOrangeHRM status=SUCCESS method=TestRunnerClass.loginIntoOrangeHRM()[pri:0, instance:test.TestRunnerClass@e350b40] output={null}]]]>
              </value>
            </param>
          </params>
          <reporter-output>
          </reporter-output>
        </test-method> <!-- AfterMethodMethod -->
        <test-method is-config="true" signature="AfterTestMethod()[pri:0, instance:test.TestRunnerClass@e350b40]" started-at="2022-12-26T21:52:49 IST" name="AfterTestMethod" finished-at="2022-12-26T21:52:50 IST" duration-ms="274" status="PASS">
          <reporter-output>
          </reporter-output>
        </test-method> <!-- AfterTestMethod -->
      </class> <!-- test.TestRunnerClass -->
    </test> <!-- Test Automation -->
  </suite> <!-- Sample TestNG Suite -->
</testng-results>
